<?xml version="1.0" encoding="utf-8"?><testsuites name="pytest tests"><testsuite name="pytest" errors="0" failures="0" skipped="0" tests="8" time="1.647" timestamp="2026-07-14T00:00:17.444055+00:00" hostname="9275f26b72ae"><testcase classname="tests.api.test_validation.TestWorkItemValidation400" name="test_missing_name_field" time="0.108" /><testcase classname="tests.api.test_validation.TestWorkItemValidation400" name="test_empty_name_field" time="0.096" /><testcase classname="tests.api.test_validation.TestWorkItemValidation400" name="test_name_as_number" time="0.303" /><testcase classname="tests.api.test_validation.TestWorkItemValidation400" name="test_invalid_priority_value" time="0.108" /><testcase classname="tests.api.test_validation.TestWorkItemValidation400" name="test_invalid_state_id" time="0.323" /><testcase classname="tests.api.test_validation.TestWorkItemValidation400" name="test_malformed_json_body" time="0.130" /><testcase classname="tests.api.test_validation.TestWorkItemValidation400" name="test_excessive_title_length" time="0.111" /><testcase classname="tests.api.test_validation.TestWorkItemValidation400" name="test_missing_required_field_and_no_residue" time="0.419" /></testsuite></testsuites>